01:05:01.657 INFO  o.s.t.c.s.AnnotationConfigContextLoaderUtils - Could not detect default configuration classes for test class [topen.khjs.howtoearth.HowToEarthApplicationTests]: HowToEarthApplicationTests does not declare any static, non-private, non-final, nested classes annotated with @Configuration.
01:05:01.835 INFO  o.s.b.t.c.SpringBootTestContextBootstrapper - Found @SpringBootConfiguration topen.khjs.howtoearth.HowToEarthApplication for test class topen.khjs.howtoearth.HowToEarthApplicationTests
01:05:02.385 INFO  t.k.h.HowToEarthApplicationTests - Starting HowToEarthApplicationTests using Java 19.0.2 with PID 6516 (started by topenMacWin0330 in C:\Users\topenMacWin0330\IdeaProjects\HowToEarth)
01:05:02.386 INFO  t.k.h.HowToEarthApplicationTests - No active profile set, falling back to 1 default profile: "default"
01:05:03.941 INFO  o.s.b.a.w.s.WelcomePageHandlerMapping - Adding welcome page: class path resource [static/index.html]
01:05:04.374 INFO  o.s.b.a.e.web.EndpointLinksResolver - Exposing 1 endpoint(s) beneath base path '/actuator'
01:05:04.450 INFO  t.k.h.HowToEarthApplicationTests - Started HowToEarthApplicationTests in 2.385 seconds (process running for 4.256)
01:29:24.642 INFO  o.s.t.c.s.AnnotationConfigContextLoaderUtils - Could not detect default configuration classes for test class [topen.khjs.howtoearth.HowToEarthApplicationTests]: HowToEarthApplicationTests does not declare any static, non-private, non-final, nested classes annotated with @Configuration.
01:29:24.783 INFO  o.s.b.t.c.SpringBootTestContextBootstrapper - Found @SpringBootConfiguration topen.khjs.howtoearth.HowToEarthApplication for test class topen.khjs.howtoearth.HowToEarthApplicationTests
01:29:25.254 INFO  t.k.h.HowToEarthApplicationTests - Starting HowToEarthApplicationTests using Java 19.0.2 with PID 16308 (started by topenMacWin0330 in C:\Users\topenMacWin0330\IdeaProjects\HowToEarth)
01:29:25.256 INFO  t.k.h.HowToEarthApplicationTests - No active profile set, falling back to 1 default profile: "default"
01:29:26.707 INFO  o.s.b.a.w.s.WelcomePageHandlerMapping - Adding welcome page: class path resource [static/index.html]
01:29:27.114 INFO  o.s.b.a.e.web.EndpointLinksResolver - Exposing 1 endpoint(s) beneath base path '/actuator'
01:29:27.171 INFO  t.k.h.HowToEarthApplicationTests - Started HowToEarthApplicationTests in 2.197 seconds (process running for 6.025)
01:31:38.005 INFO  o.s.t.c.s.AnnotationConfigContextLoaderUtils - Could not detect default configuration classes for test class [topen.khjs.howtoearth.HowToEarthApplicationTests]: HowToEarthApplicationTests does not declare any static, non-private, non-final, nested classes annotated with @Configuration.
01:31:38.147 INFO  o.s.b.t.c.SpringBootTestContextBootstrapper - Found @SpringBootConfiguration topen.khjs.howtoearth.HowToEarthApplication for test class topen.khjs.howtoearth.HowToEarthApplicationTests
01:31:38.627 INFO  t.k.h.HowToEarthApplicationTests - Starting HowToEarthApplicationTests using Java 19.0.2 with PID 2976 (started by topenMacWin0330 in C:\Users\topenMacWin0330\IdeaProjects\HowToEarth)
01:31:38.628 INFO  t.k.h.HowToEarthApplicationTests - No active profile set, falling back to 1 default profile: "default"
01:31:40.106 INFO  o.s.b.a.w.s.WelcomePageHandlerMapping - Adding welcome page: class path resource [static/index.html]
01:31:40.472 INFO  o.s.b.a.e.web.EndpointLinksResolver - Exposing 1 endpoint(s) beneath base path '/actuator'
01:31:40.531 INFO  t.k.h.HowToEarthApplicationTests - Started HowToEarthApplicationTests in 2.191 seconds (process running for 3.819)
01:32:57.751 INFO  o.s.t.c.s.AnnotationConfigContextLoaderUtils - Could not detect default configuration classes for test class [topen.khjs.howtoearth.HowToEarthApplicationTests]: HowToEarthApplicationTests does not declare any static, non-private, non-final, nested classes annotated with @Configuration.
01:32:57.883 INFO  o.s.b.t.c.SpringBootTestContextBootstrapper - Found @SpringBootConfiguration topen.khjs.howtoearth.HowToEarthApplication for test class topen.khjs.howtoearth.HowToEarthApplicationTests
01:32:58.357 INFO  t.k.h.HowToEarthApplicationTests - Starting HowToEarthApplicationTests using Java 19.0.2 with PID 8088 (started by topenMacWin0330 in C:\Users\topenMacWin0330\IdeaProjects\HowToEarth)
01:32:58.358 INFO  t.k.h.HowToEarthApplicationTests - No active profile set, falling back to 1 default profile: "default"
01:32:59.838 INFO  o.s.b.a.w.s.WelcomePageHandlerMapping - Adding welcome page: class path resource [static/index.html]
01:33:00.364 INFO  o.s.b.a.e.web.EndpointLinksResolver - Exposing 1 endpoint(s) beneath base path '/actuator'
01:33:00.542 INFO  t.k.h.HowToEarthApplicationTests - Started HowToEarthApplicationTests in 2.468 seconds (process running for 4.112)
