09:27:14.728 INFO  t.k.howtoearth.HowToEarthApplication - Starting HowToEarthApplication v0.0.1-SNAPSHOT using Java 20.0.2 with PID 7540 (C:\Users\topenMacWin0330\IdeaProjects\HowToEarth\build\libs\HowToEarth-0.0.1-SNAPSHOT.jar started by topenMacWin0330 in C:\Users\topenMacWin0330\IdeaProjects\HowToEarth\build\libs)
09:27:14.731 INFO  t.k.howtoearth.HowToEarthApplication - No active profile set, falling back to 1 default profile: "default"
09:27:16.025 INFO  o.s.b.w.e.tomcat.TomcatWebServer - Tomcat initialized with port(s): 80 (http)
09:27:16.033 INFO  o.a.coyote.http11.Http11NioProtocol - Initializing ProtocolHandler ["http-nio-80"]
09:27:16.064 INFO  o.a.catalina.core.StandardService - Starting service [Tomcat]
09:27:16.065 INFO  o.a.catalina.core.StandardEngine - Starting Servlet engine: [Apache Tomcat/10.1.10]
09:27:16.170 INFO  o.a.c.c.C.[Tomcat].[localhost].[/] - Initializing Spring embedded WebApplicationContext
09:27:16.170 INFO  o.s.b.w.s.c.ServletWebServerApplicationContext - Root WebApplicationContext: initialization completed in 1383 ms
09:27:16.462 INFO  o.s.b.a.w.s.WelcomePageHandlerMapping - Adding welcome page: class path resource [static/index.html]
09:27:16.682 INFO  o.s.b.a.e.web.EndpointLinksResolver - Exposing 1 endpoint(s) beneath base path '/actuator'
09:27:16.725 INFO  o.a.coyote.http11.Http11NioProtocol - Starting ProtocolHandler ["http-nio-80"]
09:27:16.750 INFO  o.s.b.w.e.tomcat.TomcatWebServer - Tomcat started on port(s): 80 (http) with context path ''
09:27:16.765 INFO  t.k.howtoearth.HowToEarthApplication - Started HowToEarthApplication in 2.43 seconds (process running for 3.153)
09:27:19.623 INFO  o.a.c.c.C.[Tomcat].[localhost].[/] - Initializing Spring DispatcherServlet 'dispatcherServlet'
09:27:19.623 INFO  o.s.web.servlet.DispatcherServlet - Initializing Servlet 'dispatcherServlet'
09:27:19.626 INFO  o.s.web.servlet.DispatcherServlet - Completed initialization in 1 ms
09:27:24.300 INFO  t.k.howtoearth.FileUploadController - File Upload Try
09:27:24.303 INFO  t.k.howtoearth.FileUploadController - File uploaded successfully: 1699748844262
09:29:08.729 INFO  t.k.howtoearth.HowToEarthApplication - Starting HowToEarthApplication v0.0.1-SNAPSHOT using Java 20.0.2 with PID 2276 (C:\Users\topenMacWin0330\IdeaProjects\HowToEarth\build\libs\HowToEarth-0.0.1-SNAPSHOT.jar started by topenMacWin0330 in C:\Users\topenMacWin0330\IdeaProjects\HowToEarth\build\libs)
09:29:08.732 INFO  t.k.howtoearth.HowToEarthApplication - No active profile set, falling back to 1 default profile: "default"
09:29:10.071 INFO  o.s.b.w.e.tomcat.TomcatWebServer - Tomcat initialized with port(s): 80 (http)
09:29:10.079 INFO  o.a.coyote.http11.Http11NioProtocol - Initializing ProtocolHandler ["http-nio-80"]
09:29:10.080 INFO  o.a.catalina.core.StandardService - Starting service [Tomcat]
09:29:10.081 INFO  o.a.catalina.core.StandardEngine - Starting Servlet engine: [Apache Tomcat/10.1.10]
09:29:10.164 INFO  o.a.c.c.C.[Tomcat].[localhost].[/] - Initializing Spring embedded WebApplicationContext
09:29:10.164 INFO  o.s.b.w.s.c.ServletWebServerApplicationContext - Root WebApplicationContext: initialization completed in 1378 ms
09:29:10.565 INFO  o.s.b.a.w.s.WelcomePageHandlerMapping - Adding welcome page: class path resource [static/index.html]
09:29:10.841 INFO  o.s.b.a.e.web.EndpointLinksResolver - Exposing 1 endpoint(s) beneath base path '/actuator'
09:29:10.897 INFO  o.a.coyote.http11.Http11NioProtocol - Starting ProtocolHandler ["http-nio-80"]
09:29:10.928 INFO  o.s.b.w.e.tomcat.TomcatWebServer - Tomcat started on port(s): 80 (http) with context path ''
09:29:10.950 INFO  t.k.howtoearth.HowToEarthApplication - Started HowToEarthApplication in 2.615 seconds (process running for 3.357)
09:29:13.693 INFO  o.a.c.c.C.[Tomcat].[localhost].[/] - Initializing Spring DispatcherServlet 'dispatcherServlet'
09:29:13.693 INFO  o.s.web.servlet.DispatcherServlet - Initializing Servlet 'dispatcherServlet'
09:29:13.695 INFO  o.s.web.servlet.DispatcherServlet - Completed initialization in 1 ms
